<?xml version="1.0" encoding="UTF-8"?>
<testng-results ignored="0" total="1" passed="1" failed="0" skipped="0">
  <reporter-output>
  </reporter-output>
  <suite started-at="2022-11-29T06:50:27 IST" name="Default suite" finished-at="2022-11-29T06:50:38 IST" duration-ms="10976">
    <groups>
    </groups>
    <test started-at="2022-11-29T06:50:27 IST" name="Default test" finished-at="2022-11-29T06:50:38 IST" duration-ms="10976">
      <class name="Intime_testcase.check_intime">
        <test-method signature="check_office_intime()[pri:0, instance:Intime_testcase.check_intime@1189dd52]" started-at="2022-11-29T06:50:27 IST" name="check_office_intime" finished-at="2022-11-29T06:50:38 IST" duration-ms="10945" status="PASS">
          <reporter-output>
          </reporter-output>
        </test-method> <!-- check_office_intime -->
      </class> <!-- Intime_testcase.check_intime -->
    </test> <!-- Default test -->
  </suite> <!-- Default suite -->
</testng-results>
